{
"contracts\\NftMarketplace.sol":{"l":{"55":13,"56":13,"57":1,"59":12,"63":9,"64":9,"65":3,"67":6,"75":17,"76":17,"77":17,"78":3,"80":14,"117":11,"118":0,"120":11,"121":11,"122":1,"124":10,"125":10,"138":1,"139":1,"161":3,"162":3,"163":1,"165":2,"168":2,"169":2,"170":2,"190":1,"191":0,"193":1,"194":1,"201":2,"202":2,"203":1,"205":1,"206":1,"207":1,"219":3,"223":2},"path":"F:\\CodingProgram\\ProgramWork\\zc-fcc\\hardhat-nft-marketplace-fcc-main\\contracts\\NftMarketplace.sol","s":{"1":13,"2":13,"3":9,"4":9,"5":17,"6":17,"7":17,"8":11,"9":11,"10":11,"11":10,"12":10,"13":1,"14":3,"15":3,"16":2,"17":2,"18":2,"19":1,"20":1,"21":1,"22":2,"23":2,"24":1,"25":1,"26":1,"27":3,"28":2},"b":{"1":[1,12],"2":[3,6],"3":[3,14],"4":[0,11],"5":[1,10],"6":[1,2],"7":[0,1],"8":[1,1],"9":[1,0]},"f":{"1":13,"2":9,"3":17,"4":11,"5":1,"6":3,"7":1,"8":2,"9":3,"10":2},"fnMap":{"1":{"name":"notListed","line":51,"loc":{"start":{"line":51,"column":4},"end":{"line":60,"column":4}}},"2":{"name":"isListed","line":62,"loc":{"start":{"line":62,"column":4},"end":{"line":68,"column":4}}},"3":{"name":"isOwner","line":70,"loc":{"start":{"line":70,"column":4},"end":{"line":81,"column":4}}},"4":{"name":"listItem","line":115,"loc":{"start":{"line":108,"column":4},"end":{"line":126,"column":4}}},"5":{"name":"cancelListing","line":136,"loc":{"start":{"line":133,"column":4},"end":{"line":140,"column":4}}},"6":{"name":"buyItem","line":155,"loc":{"start":{"line":150,"column":4},"end":{"line":171,"column":4}}},"7":{"name":"updateListing","line":187,"loc":{"start":{"line":179,"column":4},"end":{"line":195,"column":4}}},"8":{"name":"withdrawProceeds","line":200,"loc":{"start":{"line":200,"column":4},"end":{"line":208,"column":4}}},"9":{"name":"getListing","line":214,"loc":{"start":{"line":214,"column":4},"end":{"line":220,"column":4}}},"10":{"name":"getProceeds","line":222,"loc":{"start":{"line":222,"column":4},"end":{"line":224,"column":4}}}},"statementMap":{"1":{"start":{"line":55,"column":8},"end":{"line":55,"column":64}},"2":{"start":{"line":56,"column":8},"end":{"line":56,"column":1628}},"3":{"start":{"line":63,"column":8},"end":{"line":63,"column":64}},"4":{"start":{"line":64,"column":8},"end":{"line":64,"column":1871}},"5":{"start":{"line":75,"column":8},"end":{"line":75,"column":41}},"6":{"start":{"line":76,"column":8},"end":{"line":76,"column":44}},"7":{"start":{"line":77,"column":8},"end":{"line":77,"column":2180}},"8":{"start":{"line":117,"column":8},"end":{"line":117,"column":3153}},"9":{"start":{"line":120,"column":8},"end":{"line":120,"column":41}},"10":{"start":{"line":121,"column":8},"end":{"line":121,"column":3275}},"11":{"start":{"line":124,"column":8},"end":{"line":124,"column":67}},"12":{"start":{"line":125,"column":8},"end":{"line":125,"column":63}},"13":{"start":{"line":139,"column":8},"end":{"line":139,"column":58}},"14":{"start":{"line":161,"column":8},"end":{"line":161,"column":67}},"15":{"start":{"line":162,"column":8},"end":{"line":162,"column":4764}},"16":{"start":{"line":165,"column":8},"end":{"line":165,"column":49}},"17":{"start":{"line":169,"column":8},"end":{"line":169,"column":83}},"18":{"start":{"line":170,"column":8},"end":{"line":170,"column":74}},"19":{"start":{"line":190,"column":8},"end":{"line":190,"column":5828}},"20":{"start":{"line":193,"column":8},"end":{"line":193,"column":55}},"21":{"start":{"line":194,"column":8},"end":{"line":194,"column":66}},"22":{"start":{"line":201,"column":8},"end":{"line":201,"column":49}},"23":{"start":{"line":202,"column":8},"end":{"line":202,"column":6210}},"24":{"start":{"line":205,"column":8},"end":{"line":205,"column":33}},"25":{"start":{"line":206,"column":8},"end":{"line":206,"column":72}},"26":{"start":{"line":207,"column":8},"end":{"line":207,"column":42}},"27":{"start":{"line":219,"column":8},"end":{"line":219,"column":46}},"28":{"start":{"line":223,"column":8},"end":{"line":223,"column":33}}},"branchMap":{"1":{"line":56,"type":"if","locations":[{"start":{"line":56,"column":8},"end":{"line":56,"column":8}},{"start":{"line":56,"column":8},"end":{"line":56,"column":8}}]},"2":{"line":64,"type":"if","locations":[{"start":{"line":64,"column":8},"end":{"line":64,"column":8}},{"start":{"line":64,"column":8},"end":{"line":64,"column":8}}]},"3":{"line":77,"type":"if","locations":[{"start":{"line":77,"column":8},"end":{"line":77,"column":8}},{"start":{"line":77,"column":8},"end":{"line":77,"column":8}}]},"4":{"line":117,"type":"if","locations":[{"start":{"line":117,"column":8},"end":{"line":117,"column":8}},{"start":{"line":117,"column":8},"end":{"line":117,"column":8}}]},"5":{"line":121,"type":"if","locations":[{"start":{"line":121,"column":8},"end":{"line":121,"column":8}},{"start":{"line":121,"column":8},"end":{"line":121,"column":8}}]},"6":{"line":162,"type":"if","locations":[{"start":{"line":162,"column":8},"end":{"line":162,"column":8}},{"start":{"line":162,"column":8},"end":{"line":162,"column":8}}]},"7":{"line":190,"type":"if","locations":[{"start":{"line":190,"column":8},"end":{"line":190,"column":8}},{"start":{"line":190,"column":8},"end":{"line":190,"column":8}}]},"8":{"line":202,"type":"if","locations":[{"start":{"line":202,"column":8},"end":{"line":202,"column":8}},{"start":{"line":202,"column":8},"end":{"line":202,"column":8}}]},"9":{"line":207,"type":"if","locations":[{"start":{"line":207,"column":8},"end":{"line":207,"column":8}},{"start":{"line":207,"column":8},"end":{"line":207,"column":8}}]}}},
"contracts\\sublesson\\ReentrantVulnerable.sol":{"l":{"37":0,"41":0,"42":0,"44":0,"45":0,"47":0,"52":0,"60":0,"65":0,"66":0,"71":0,"72":0,"73":0,"78":0},"path":"F:\\CodingProgram\\ProgramWork\\zc-fcc\\hardhat-nft-marketplace-fcc-main\\contracts\\sublesson\\ReentrantVulnerable.sol","s":{"1":0,"2":0,"3":0,"4":0,"5":0,"6":0,"7":0,"8":0,"9":0,"10":0,"11":0,"12":0,"13":0,"14":0},"b":{"1":[0,0],"2":[0,0],"3":[0,0],"4":[0,0]},"f":{"1":0,"2":0,"3":0,"4":0,"5":0,"6":0,"7":0},"fnMap":{"1":{"name":"deposit","line":36,"loc":{"start":{"line":36,"column":4},"end":{"line":38,"column":4}}},"2":{"name":"withdraw","line":40,"loc":{"start":{"line":40,"column":4},"end":{"line":48,"column":4}}},"3":{"name":"getBalance","line":51,"loc":{"start":{"line":51,"column":4},"end":{"line":53,"column":4}}},"4":{"name":"constructor","line":59,"loc":{"start":{"line":59,"column":4},"end":{"line":61,"column":4}}},"5":{"name":null,"line":64,"loc":{"start":{"line":64,"column":4},"end":{"line":68,"column":4}}},"6":{"name":"attack","line":70,"loc":{"start":{"line":70,"column":4},"end":{"line":74,"column":4}}},"7":{"name":"getBalance","line":77,"loc":{"start":{"line":77,"column":4},"end":{"line":79,"column":4}}}},"statementMap":{"1":{"start":{"line":37,"column":8},"end":{"line":37,"column":40}},"2":{"start":{"line":41,"column":8},"end":{"line":41,"column":42}},"3":{"start":{"line":42,"column":8},"end":{"line":42,"column":23}},"4":{"start":{"line":44,"column":8},"end":{"line":44,"column":55}},"5":{"start":{"line":45,"column":8},"end":{"line":45,"column":44}},"6":{"start":{"line":47,"column":8},"end":{"line":47,"column":31}},"7":{"start":{"line":52,"column":8},"end":{"line":52,"column":36}},"8":{"start":{"line":60,"column":8},"end":{"line":60,"column":77}},"9":{"start":{"line":65,"column":8},"end":{"line":65,"column":1966}},"10":{"start":{"line":66,"column":12},"end":{"line":66,"column":41}},"11":{"start":{"line":71,"column":8},"end":{"line":71,"column":36}},"12":{"start":{"line":72,"column":8},"end":{"line":72,"column":52}},"13":{"start":{"line":73,"column":8},"end":{"line":73,"column":37}},"14":{"start":{"line":78,"column":8},"end":{"line":78,"column":36}}},"branchMap":{"1":{"line":42,"type":"if","locations":[{"start":{"line":42,"column":8},"end":{"line":42,"column":8}},{"start":{"line":42,"column":8},"end":{"line":42,"column":8}}]},"2":{"line":45,"type":"if","locations":[{"start":{"line":45,"column":8},"end":{"line":45,"column":8}},{"start":{"line":45,"column":8},"end":{"line":45,"column":8}}]},"3":{"line":65,"type":"if","locations":[{"start":{"line":65,"column":8},"end":{"line":65,"column":8}},{"start":{"line":65,"column":8},"end":{"line":65,"column":8}}]},"4":{"line":71,"type":"if","locations":[{"start":{"line":71,"column":8},"end":{"line":71,"column":8}},{"start":{"line":71,"column":8},"end":{"line":71,"column":8}}]}}},
"contracts\\test\\BasicNft.sol":{"l":{"14":3,"18":15,"19":15,"20":15,"24":0,"25":0,"29":0},"path":"F:\\CodingProgram\\ProgramWork\\zc-fcc\\hardhat-nft-marketplace-fcc-main\\contracts\\test\\BasicNft.sol","s":{"1":3,"2":15,"3":15,"4":15,"5":0,"6":0,"7":0},"b":{"1":[0,0]},"f":{"1":3,"2":15,"3":0,"4":0},"fnMap":{"1":{"name":"constructor","line":13,"loc":{"start":{"line":13,"column":4},"end":{"line":15,"column":4}}},"2":{"name":"mintNft","line":17,"loc":{"start":{"line":17,"column":4},"end":{"line":21,"column":4}}},"3":{"name":"tokenURI","line":23,"loc":{"start":{"line":23,"column":4},"end":{"line":26,"column":4}}},"4":{"name":"getTokenCounter","line":28,"loc":{"start":{"line":28,"column":4},"end":{"line":30,"column":4}}}},"statementMap":{"1":{"start":{"line":14,"column":8},"end":{"line":14,"column":25}},"2":{"start":{"line":18,"column":8},"end":{"line":18,"column":44}},"3":{"start":{"line":19,"column":8},"end":{"line":19,"column":38}},"4":{"start":{"line":20,"column":8},"end":{"line":20,"column":42}},"5":{"start":{"line":24,"column":8},"end":{"line":24,"column":83}},"6":{"start":{"line":25,"column":8},"end":{"line":25,"column":24}},"7":{"start":{"line":29,"column":8},"end":{"line":29,"column":29}}},"branchMap":{"1":{"line":24,"type":"if","locations":[{"start":{"line":24,"column":8},"end":{"line":24,"column":8}},{"start":{"line":24,"column":8},"end":{"line":24,"column":8}}]}}},
"contracts\\test\\BasicNftTwo.sol":{"l":{"13":3,"17":0,"18":0,"19":0,"23":0,"24":0,"28":0},"path":"F:\\CodingProgram\\ProgramWork\\zc-fcc\\hardhat-nft-marketplace-fcc-main\\contracts\\test\\BasicNftTwo.sol","s":{"1":3,"2":0,"3":0,"4":0,"5":0,"6":0,"7":0},"b":{"1":[0,0]},"f":{"1":3,"2":0,"3":0,"4":0},"fnMap":{"1":{"name":"constructor","line":12,"loc":{"start":{"line":12,"column":4},"end":{"line":14,"column":4}}},"2":{"name":"mintNft","line":16,"loc":{"start":{"line":16,"column":4},"end":{"line":20,"column":4}}},"3":{"name":"tokenURI","line":22,"loc":{"start":{"line":22,"column":4},"end":{"line":25,"column":4}}},"4":{"name":"getTokenCounter","line":27,"loc":{"start":{"line":27,"column":4},"end":{"line":29,"column":4}}}},"statementMap":{"1":{"start":{"line":13,"column":8},"end":{"line":13,"column":25}},"2":{"start":{"line":17,"column":8},"end":{"line":17,"column":44}},"3":{"start":{"line":18,"column":8},"end":{"line":18,"column":38}},"4":{"start":{"line":19,"column":8},"end":{"line":19,"column":42}},"5":{"start":{"line":23,"column":8},"end":{"line":23,"column":83}},"6":{"start":{"line":24,"column":8},"end":{"line":24,"column":24}},"7":{"start":{"line":28,"column":8},"end":{"line":28,"column":29}}},"branchMap":{"1":{"line":23,"type":"if","locations":[{"start":{"line":23,"column":8},"end":{"line":23,"column":8}},{"start":{"line":23,"column":8},"end":{"line":23,"column":8}}]}}}}
