TN:
SF:F:\CodingProgram\ProgramWork\zc-fcc\hardhat-nft-marketplace-fcc-main\contracts\NftMarketplace.sol
FN:51,notListed
FN:62,isListed
FN:70,isOwner
FN:115,listItem
FN:136,cancelListing
FN:155,buyItem
FN:187,updateListing
FN:200,withdrawProceeds
FN:214,getListing
FN:222,getProceeds
FNF:10
FNH:10
FNDA:13,notListed
FNDA:9,isListed
FNDA:17,isOwner
FNDA:11,listItem
FNDA:1,cancelListing
FNDA:3,buyItem
FNDA:1,updateListing
FNDA:2,withdrawProceeds
FNDA:3,getListing
FNDA:2,getProceeds
DA:55,13
DA:56,13
DA:57,1
DA:59,12
DA:63,9
DA:64,9
DA:65,3
DA:67,6
DA:75,17
DA:76,17
DA:77,17
DA:78,3
DA:80,14
DA:117,11
DA:118,0
DA:120,11
DA:121,11
DA:122,1
DA:124,10
DA:125,10
DA:138,1
DA:139,1
DA:161,3
DA:162,3
DA:163,1
DA:165,2
DA:168,2
DA:169,2
DA:170,2
DA:190,1
DA:191,0
DA:193,1
DA:194,1
DA:201,2
DA:202,2
DA:203,1
DA:205,1
DA:206,1
DA:207,1
DA:219,3
DA:223,2
LF:41
LH:39
BRDA:56,1,0,1
BRDA:56,1,1,12
BRDA:64,2,0,3
BRDA:64,2,1,6
BRDA:77,3,0,3
BRDA:77,3,1,14
BRDA:117,4,0,0
BRDA:117,4,1,11
BRDA:121,5,0,1
BRDA:121,5,1,10
BRDA:162,6,0,1
BRDA:162,6,1,2
BRDA:190,7,0,0
BRDA:190,7,1,1
BRDA:202,8,0,1
BRDA:202,8,1,1
BRDA:207,9,0,1
BRDA:207,9,1,0
BRF:18
BRH:15
end_of_record
TN:
SF:F:\CodingProgram\ProgramWork\zc-fcc\hardhat-nft-marketplace-fcc-main\contracts\sublesson\ReentrantVulnerable.sol
FN:36,deposit
FN:40,withdraw
FN:51,getBalance
FN:59,constructor
FN:64,
FN:70,attack
FN:77,getBalance
FNF:7
FNH:0
FNDA:0,deposit
FNDA:0,withdraw
FNDA:0,getBalance
FNDA:0,constructor
FNDA:0,
FNDA:0,attack
FNDA:0,getBalance
DA:37,0
DA:41,0
DA:42,0
DA:44,0
DA:45,0
DA:47,0
DA:52,0
DA:60,0
DA:65,0
DA:66,0
DA:71,0
DA:72,0
DA:73,0
DA:78,0
LF:14
LH:0
BRDA:42,1,0,0
BRDA:42,1,1,0
BRDA:45,2,0,0
BRDA:45,2,1,0
BRDA:65,3,0,0
BRDA:65,3,1,0
BRDA:71,4,0,0
BRDA:71,4,1,0
BRF:8
BRH:0
end_of_record
TN:
SF:F:\CodingProgram\ProgramWork\zc-fcc\hardhat-nft-marketplace-fcc-main\contracts\test\BasicNft.sol
FN:13,constructor
FN:17,mintNft
FN:23,tokenURI
FN:28,getTokenCounter
FNF:4
FNH:2
FNDA:3,constructor
FNDA:15,mintNft
FNDA:0,tokenURI
FNDA:0,getTokenCounter
DA:14,3
DA:18,15
DA:19,15
DA:20,15
DA:24,0
DA:25,0
DA:29,0
LF:7
LH:4
BRDA:24,1,0,0
BRDA:24,1,1,0
BRF:2
BRH:0
end_of_record
TN:
SF:F:\CodingProgram\ProgramWork\zc-fcc\hardhat-nft-marketplace-fcc-main\contracts\test\BasicNftTwo.sol
FN:12,constructor
FN:16,mintNft
FN:22,tokenURI
FN:27,getTokenCounter
FNF:4
FNH:1
FNDA:3,constructor
FNDA:0,mintNft
FNDA:0,tokenURI
FNDA:0,getTokenCounter
DA:13,3
DA:17,0
DA:18,0
DA:19,0
DA:23,0
DA:24,0
DA:28,0
LF:7
LH:1
BRDA:23,1,0,0
BRDA:23,1,1,0
BRF:2
BRH:0
end_of_record
